#
# A fatal error has been detected by the Java Runtime Environment:
#
#  EXCEPTION_ACCESS_VIOLATION (0xc0000005) at pc=0x0000000002805af0, pid=3084, tid=0x00000000000005b8
#
# JRE version: OpenJDK Runtime Environment (8.0_152-b02) (build 1.8.0_152-release-1024-b02)
# Java VM: OpenJDK 64-Bit Server VM (25.152-b02 mixed mode windows-amd64 compressed oops)
# Problematic frame:
# j  org.gradle.model.internal.core.AddProjectionsAction.execute(Lorg/gradle/model/internal/core/MutableModelNode;Ljava/util/List;)V+20
#
# Failed to write core dump. Minidumps are not enabled by default on client versions of Windows
#
# If you would like to submit a bug report, please visit:
#   http://bugreport.java.com/bugreport/crash.jsp
#

---------------  T H R E A D  ---------------

Current thread (0x0000000059381000):  JavaThread "Daemon worker" [_thread_in_Java, id=1464, stack(0x000000005bc10000,0x000000005bd10000)]

siginfo: ExceptionCode=0xc0000005, reading address 0x0000004015aad968

Registers:
RAX=0x0000000015a7d6b8, RBX=0x0000000015a7d6b8, RCX=0x00000000e0e308f8, RDX=0x0000004015aad758
RSP=0x000000005bd0c1a0, RBP=0x000000005bd0c1f0, RSI=0x00000000629627b8, RDI=0x0000000000000168
R8 =0x0000000000000000, R9 =0x00000000a0b597f8, R10=0x0000000065cfb630, R11=0x00000000edc8e198
R12=0x0000000000000000, R13=0x0000000000000210, R14=0x000000005bd0c220, R15=0x0000000059381000
RIP=0x0000000002805af0, EFLAGS=0x0000000000010246

Top of Stack: (sp=0x000000005bd0c1a0)
0x000000005bd0c1a0:   00000000027e7ed0 00000000e0e308f8
0x000000005bd0c1b0:   000000005bd0c1b0 0000000060fe2f7c
0x000000005bd0c1c0:   000000005bd0c220 0000000060fe3a10
0x000000005bd0c1d0:   0000000000000000 0000000060fe2fe0
0x000000005bd0c1e0:   0000000000000000 000000005bd0c210
0x000000005bd0c1f0:   000000005bd0c268 00000000027e80b6
0x000000005bd0c200:   0000000000000000 00000000e0e308f8
0x000000005bd0c210:   00000000e0e308a0 00000000edc8ddf0
0x000000005bd0c220:   00000000edc8e178 000000005bd0c228
0x000000005bd0c230:   000000006104cf34 000000005bd0c278
0x000000005bd0c240:   000000006104cfc0 0000000000000000
0x000000005bd0c250:   000000006104cf50 000000005bd0c210
0x000000005bd0c260:   000000005bd0c278 000000005bd0c2c0
0x000000005bd0c270:   00000000027e80b6 00000000e0e308d8
0x000000005bd0c280:   000000005bd0c280 000000006104d510
0x000000005bd0c290:   000000005bd0c2e0 000000006104da30 

Instructions: (pc=0x0000000002805af0)
0x0000000002805ad0:   00 48 3b c3 74 16 48 85 db 0f 84 f3 02 00 00 49
0x0000000002805ae0:   83 c5 10 49 8b 5d 00 48 3b c3 75 ea 45 8b 6d 08
0x0000000002805af0:   4a 8b 1c 2a 48 85 db 0f 84 b7 01 00 00 48 8b 55
0x0000000002805b00:   e0 48 85 d2 0f 84 27 01 00 00 80 7a d0 0b 0f 85 


Register to memory mapping:

RAX=0x0000000015a7d6b8 is pointing into metadata
RBX=0x0000000015a7d6b8 is pointing into metadata
RCX=0x00000000e0e308f8 is an oop
java.util.ArrayList$Itr 
 - klass: 'java/util/ArrayList$Itr'
RDX=0x0000004015aad758 is an unknown value
RSP=0x000000005bd0c1a0 is pointing into the stack for thread: 0x0000000059381000
RBP=0x000000005bd0c1f0 is pointing into the stack for thread: 0x0000000059381000
RSI=0x00000000629627b8 is pointing into metadata
RDI=0x0000000000000168 is an unknown value
R8 =0x0000000000000000 is an unknown value
R9 =0x00000000a0b597f8 is an oop
java.lang.ThreadLocal$ThreadLocalMap$Entry 
 - klass: 'java/lang/ThreadLocal$ThreadLocalMap$Entry'
R10=0x0000000065cfb630 is an unknown value
R11=0x00000000edc8e198 is an oop
java.util.ArrayList 
 - klass: 'java/util/ArrayList'
R12=0x0000000000000000 is an unknown value
R13=0x0000000000000210 is an unknown value
R14=0x000000005bd0c220 is pointing into the stack for thread: 0x0000000059381000
R15=0x0000000059381000 is a thread


Stack: [0x000000005bc10000,0x000000005bd10000],  sp=0x000000005bd0c1a0,  free space=1008k
Native frames: (J=compiled Java code, j=interpreted, Vv=VM code, C=native code)
C  0x0000000002805af0


---------------  P R O C E S S  ---------------

Java Threads: ( => current thread )
  0x000000005a132800 JavaThread "Memory manager" [_thread_blocked, id=2664, stack(0x0000000062130000,0x0000000062230000)]
  0x000000005a132000 JavaThread "pool-1-thread-1" [_thread_blocked, id=116, stack(0x0000000061d80000,0x0000000061e80000)]
  0x000000005a130800 JavaThread "build operations Thread 4" [_thread_blocked, id=5784, stack(0x000000005c480000,0x000000005c580000)]
  0x000000005a12f800 JavaThread "build operations Thread 3" [_thread_blocked, id=3420, stack(0x0000000061880000,0x0000000061980000)]
  0x000000005a12f000 JavaThread "build operations Thread 2" [_thread_blocked, id=3280, stack(0x0000000061660000,0x0000000061760000)]
  0x000000005a12e000 JavaThread "build operations" [_thread_blocked, id=5276, stack(0x000000005ec90000,0x000000005ed90000)]
  0x000000005a12c800 JavaThread "Cache worker for Artifact transforms cache (C:\Users\Development\.gradle\caches\transforms-1)" [_thread_blocked, id=5204, stack(0x000000005d8e0000,0x000000005d9e0000)]
  0x00000000598f8000 JavaThread "Cache worker for file hash cache (D:\MobileApplications\Tut2\.gradle\4.4\fileHashes)" [_thread_blocked, id=5056, stack(0x000000005c5c0000,0x000000005c6c0000)]
  0x0000000059a8c800 JavaThread "File lock request listener" [_thread_in_native, id=3424, stack(0x000000005c360000,0x000000005c460000)]
  0x000000005952c000 JavaThread "Cache worker for file hash cache (C:\Users\Development\.gradle\caches\4.4\fileHashes)" [_thread_blocked, id=3244, stack(0x000000005c1e0000,0x000000005c2e0000)]
  0x000000005952b000 JavaThread "Stdin handler" [_thread_blocked, id=5628, stack(0x000000005b940000,0x000000005ba40000)]
  0x0000000059bc6800 JavaThread "Asynchronous log dispatcher for DefaultDaemonConnection: socket connection from /127.0.0.1:49591 to /127.0.0.1:49592" [_thread_blocked, id=4160, stack(0x000000005be20000,0x000000005bf20000)]
=>0x0000000059381000 JavaThread "Daemon worker" [_thread_in_Java, id=1464, stack(0x000000005bc10000,0x000000005bd10000)]
  0x000000005937c000 JavaThread "Cancel handler" [_thread_blocked, id=2596, stack(0x000000005ba50000,0x000000005bb50000)]
  0x000000005941f800 JavaThread "Handler for socket connection from /127.0.0.1:49591 to /127.0.0.1:49592" [_thread_in_native, id=3704, stack(0x000000005b5d0000,0x000000005b6d0000)]
  0x0000000059aa3800 JavaThread "Daemon" [_thread_blocked, id=3292, stack(0x000000005b410000,0x000000005b510000)]
  0x000000005a0da000 JavaThread "Daemon periodic checks" [_thread_blocked, id=5796, stack(0x0000000058c70000,0x0000000058d70000)]
  0x000000005988c000 JavaThread "Incoming local TCP Connector on port 49591" [_thread_in_native, id=4764, stack(0x000000005b270000,0x000000005b370000)]
  0x0000000057750000 JavaThread "Service Thread" daemon [_thread_blocked, id=5936, stack(0x0000000058370000,0x0000000058470000)]
  0x0000000056458800 JavaThread "C1 CompilerThread2" daemon [_thread_blocked, id=5564, stack(0x00000000581e0000,0x00000000582e0000)]
  0x0000000056457800 JavaThread "C2 CompilerThread1" daemon [_thread_blocked, id=3288, stack(0x0000000058030000,0x0000000058130000)]
  0x0000000056454800 JavaThread "C2 CompilerThread0" daemon [_thread_blocked, id=5904, stack(0x0000000057d60000,0x0000000057e60000)]
  0x0000000056453000 JavaThread "Attach Listener" daemon [_thread_blocked, id=5876, stack(0x0000000057c50000,0x0000000057d50000)]
  0x0000000056451800 JavaThread "Signal Dispatcher" daemon [_thread_blocked, id=5448, stack(0x0000000057b40000,0x0000000057c40000)]
  0x000000005643b800 JavaThread "Finalizer" daemon [_thread_blocked, id=3416, stack(0x00000000575d0000,0x00000000576d0000)]
  0x00000000563f4800 JavaThread "Reference Handler" daemon [_thread_blocked, id=5888, stack(0x0000000057400000,0x0000000057500000)]
  0x000000000216e800 JavaThread "main" [_thread_blocked, id=4184, stack(0x0000000002410000,0x0000000002510000)]

Other Threads:
  0x00000000563ed000 VMThread [stack: 0x00000000572a0000,0x00000000573a0000] [id=2500]
  0x000000005645f000 WatcherThread [stack: 0x0000000057ed0000,0x0000000057fd0000] [id=5604]

VM state:not at safepoint (normal execution)

VM Mutex/Monitor currently owned by a thread: None

Heap:
 PSYoungGen      total 232960K, used 29205K [0x00000000e0000000, 0x00000000f6780000, 0x0000000100000000)
  eden space 218624K, 6% used [0x00000000e0000000,0x00000000e0e8b718,0x00000000ed580000)
  from space 14336K, 99% used [0x00000000ed580000,0x00000000ee379e60,0x00000000ee380000)
  to   space 19968K, 0% used [0x00000000f5400000,0x00000000f5400000,0x00000000f6780000)
 ParOldGen       total 87040K, used 23427K [0x00000000a0000000, 0x00000000a5500000, 0x00000000e0000000)
  object space 87040K, 26% used [0x00000000a0000000,0x00000000a16e0de8,0x00000000a5500000)
 Metaspace       used 51413K, capacity 52940K, committed 53080K, reserved 1095680K
  class space    used 7078K, capacity 7451K, committed 7552K, reserved 1048576K

Card table byte_map: [0x0000000011ba0000,0x0000000011eb0000] byte_map_base: 0x00000000116a0000

Marking Bits: (ParMarkBitMap*) 0x0000000065d14970
 Begin Bits: [0x0000000012760000, 0x0000000013f60000)
 End Bits:   [0x0000000013f60000, 0x0000000015760000)

Polling page: 0x0000000000130000

CodeCache: size=245760Kb used=17225Kb max_used=17235Kb free=228534Kb
 bounds [0x00000000027e0000, 0x00000000038d0000, 0x00000000117e0000]
 total_blobs=5734 nmethods=4981 adapters=665
 compilation: enabled

Compilation events (10 events):
Event: 18.711 Thread 0x0000000056458800 5300       1       java.util.stream.Collectors$CollectorImpl::characteristics (5 bytes)
Event: 18.711 Thread 0x0000000056458800 nmethod 5300 0x00000000038a5a90 code [0x00000000038a5be0, 0x00000000038a5cf0]
Event: 18.711 Thread 0x0000000056458800 5301       1       com.google.common.cache.LocalCache$StrongEntry::getKey (5 bytes)
Event: 18.711 Thread 0x0000000056458800 nmethod 5301 0x00000000038a57d0 code [0x00000000038a5920, 0x00000000038a5a30]
Event: 18.713 Thread 0x0000000056458800 5302       3       java.lang.ClassLoader::getParent (32 bytes)
Event: 18.714 Thread 0x0000000056458800 nmethod 5302 0x00000000038b7990 code [0x00000000038b7b60, 0x00000000038b8458]
Event: 18.715 Thread 0x0000000056458800 5304       3       com.google.protobuf.GeneratedMessageV3$Builder::onChanged (29 bytes)
Event: 18.715 Thread 0x0000000056458800 nmethod 5304 0x00000000038a8250 code [0x00000000038a83c0, 0x00000000038a8668]
Event: 18.719 Thread 0x0000000056457800 nmethod 5299 0x00000000038bff50 code [0x00000000038c0100, 0x00000000038c0958]
Event: 18.723 Thread 0x0000000056458800 5305       3       org.gradle.model.internal.registry.RuleBindings::access$400 (7 bytes)

GC Heap History (10 events):
Event: 3.887 GC heap before
{Heap before GC invocations=5 (full 1):
 PSYoungGen      total 138240K, used 5108K [0x00000000e0000000, 0x00000000e8c00000, 0x0000000100000000)
  eden space 133120K, 0% used [0x00000000e0000000,0x00000000e0000000,0x00000000e8200000)
  from space 5120K, 99% used [0x00000000e8700000,0x00000000e8bfd040,0x00000000e8c00000)
  to   space 5120K, 0% used [0x00000000e8200000,0x00000000e8200000,0x00000000e8700000)
 ParOldGen       total 87552K, used 8830K [0x00000000a0000000, 0x00000000a5580000, 0x00000000e0000000)
  object space 87552K, 10% used [0x00000000a0000000,0x00000000a089fb20,0x00000000a5580000)
 Metaspace       used 20819K, capacity 21200K, committed 21248K, reserved 1067008K
  class space    used 2905K, capacity 3038K, committed 3072K, reserved 1048576K
Event: 3.938 GC heap after
Heap after GC invocations=5 (full 1):
 PSYoungGen      total 138240K, used 0K [0x00000000e0000000, 0x00000000e8c00000, 0x0000000100000000)
  eden space 133120K, 0% used [0x00000000e0000000,0x00000000e0000000,0x00000000e8200000)
  from space 5120K, 0% used [0x00000000e8700000,0x00000000e8700000,0x00000000e8c00000)
  to   space 5120K, 0% used [0x00000000e8200000,0x00000000e8200000,0x00000000e8700000)
 ParOldGen       total 56832K, used 8208K [0x00000000a0000000, 0x00000000a3780000, 0x00000000e0000000)
  object space 56832K, 14% used [0x00000000a0000000,0x00000000a08043d8,0x00000000a3780000)
 Metaspace       used 20819K, capacity 21200K, committed 21248K, reserved 1067008K
  class space    used 2905K, capacity 3038K, committed 3072K, reserved 1048576K
}
Event: 6.652 GC heap before
{Heap before GC invocations=6 (full 1):
 PSYoungGen      total 138240K, used 133120K [0x00000000e0000000, 0x00000000e8c00000, 0x0000000100000000)
  eden space 133120K, 100% used [0x00000000e0000000,0x00000000e8200000,0x00000000e8200000)
  from space 5120K, 0% used [0x00000000e8700000,0x00000000e8700000,0x00000000e8c00000)
  to   space 5120K, 0% used [0x00000000e8200000,0x00000000e8200000,0x00000000e8700000)
 ParOldGen       total 56832K, used 8208K [0x00000000a0000000, 0x00000000a3780000, 0x00000000e0000000)
  object space 56832K, 14% used [0x00000000a0000000,0x00000000a08043d8,0x00000000a3780000)
 Metaspace       used 29967K, capacity 30430K, committed 30592K, reserved 1075200K
  class space    used 4203K, capacity 4354K, committed 4480K, reserved 1048576K
Event: 6.687 GC heap after
Heap after GC invocations=6 (full 1):
 PSYoungGen      total 138240K, used 5104K [0x00000000e0000000, 0x00000000ef780000, 0x0000000100000000)
  eden space 133120K, 0% used [0x00000000e0000000,0x00000000e0000000,0x00000000e8200000)
  from space 5120K, 99% used [0x00000000e8200000,0x00000000e86fc010,0x00000000e8700000)
  to   space 14848K, 0% used [0x00000000ee900000,0x00000000ee900000,0x00000000ef780000)
 ParOldGen       total 56832K, used 16306K [0x00000000a0000000, 0x00000000a3780000, 0x00000000e0000000)
  object space 56832K, 28% used [0x00000000a0000000,0x00000000a0fec9a8,0x00000000a3780000)
 Metaspace       used 29967K, capacity 30430K, committed 30592K, reserved 1075200K
  class space    used 4203K, capacity 4354K, committed 4480K, reserved 1048576K
}
Event: 8.042 GC heap before
{Heap before GC invocations=7 (full 1):
 PSYoungGen      total 138240K, used 30949K [0x00000000e0000000, 0x00000000ef780000, 0x0000000100000000)
  eden space 133120K, 19% used [0x00000000e0000000,0x00000000e193d5b8,0x00000000e8200000)
  from space 5120K, 99% used [0x00000000e8200000,0x00000000e86fc010,0x00000000e8700000)
  to   space 14848K, 0% used [0x00000000ee900000,0x00000000ee900000,0x00000000ef780000)
 ParOldGen       total 56832K, used 16306K [0x00000000a0000000, 0x00000000a3780000, 0x00000000e0000000)
  object space 56832K, 28% used [0x00000000a0000000,0x00000000a0fec9a8,0x00000000a3780000)
 Metaspace       used 34655K, capacity 35196K, committed 35416K, reserved 1079296K
  class space    used 4784K, capacity 4972K, committed 4992K, reserved 1048576K
Event: 8.055 GC heap after
Heap after GC invocations=7 (full 1):
 PSYoungGen      total 226816K, used 8693K [0x00000000e0000000, 0x00000000ef180000, 0x0000000100000000)
  eden space 218112K, 0% used [0x00000000e0000000,0x00000000e0000000,0x00000000ed500000)
  from space 8704K, 99% used [0x00000000ee900000,0x00000000ef17d508,0x00000000ef180000)
  to   space 14336K, 0% used [0x00000000ed580000,0x00000000ed580000,0x00000000ee380000)
 ParOldGen       total 56832K, used 16314K [0x00000000a0000000, 0x00000000a3780000, 0x00000000e0000000)
  object space 56832K, 28% used [0x00000000a0000000,0x00000000a0fee9a8,0x00000000a3780000)
 Metaspace       used 34655K, capacity 35196K, committed 35416K, reserved 1079296K
  class space    used 4784K, capacity 4972K, committed 4992K, reserved 1048576K
}
Event: 8.055 GC heap before
{Heap before GC invocations=8 (full 2):
 PSYoungGen      total 226816K, used 8693K [0x00000000e0000000, 0x00000000ef180000, 0x0000000100000000)
  eden space 218112K, 0% used [0x00000000e0000000,0x00000000e0000000,0x00000000ed500000)
  from space 8704K, 99% used [0x00000000ee900000,0x00000000ef17d508,0x00000000ef180000)
  to   space 14336K, 0% used [0x00000000ed580000,0x00000000ed580000,0x00000000ee380000)
 ParOldGen       total 56832K, used 16314K [0x00000000a0000000, 0x00000000a3780000, 0x00000000e0000000)
  object space 56832K, 28% used [0x00000000a0000000,0x00000000a0fee9a8,0x00000000a3780000)
 Metaspace       used 34655K, capacity 35196K, committed 35416K, reserved 1079296K
  class space    used 4784K, capacity 4972K, committed 4992K, reserved 1048576K
Event: 8.146 GC heap after
Heap after GC invocations=8 (full 2):
 PSYoungGen      total 226816K, used 0K [0x00000000e0000000, 0x00000000ef180000, 0x0000000100000000)
  eden space 218112K, 0% used [0x00000000e0000000,0x00000000e0000000,0x00000000ed500000)
  from space 8704K, 0% used [0x00000000ee900000,0x00000000ee900000,0x00000000ef180000)
  to   space 14336K, 0% used [0x00000000ed580000,0x00000000ed580000,0x00000000ee380000)
 ParOldGen       total 87040K, used 16124K [0x00000000a0000000, 0x00000000a5500000, 0x00000000e0000000)
  object space 87040K, 18% used [0x00000000a0000000,0x00000000a0fbf1e0,0x00000000a5500000)
 Metaspace       used 34655K, capacity 35196K, committed 35416K, reserved 1079296K
  class space    used 4784K, capacity 4972K, committed 4992K, reserved 1048576K
}
Event: 18.295 GC heap before
{Heap before GC invocations=9 (full 2):
 PSYoungGen      total 226816K, used 218112K [0x00000000e0000000, 0x00000000ef180000, 0x0000000100000000)
  eden space 218112K, 100% used [0x00000000e0000000,0x00000000ed500000,0x00000000ed500000)
  from space 8704K, 0% used [0x00000000ee900000,0x00000000ee900000,0x00000000ef180000)
  to   space 14336K, 0% used [0x00000000ed580000,0x00000000ed580000,0x00000000ee380000)
 ParOldGen       total 87040K, used 16124K [0x00000000a0000000, 0x00000000a5500000, 0x00000000e0000000)
  object space 87040K, 18% used [0x00000000a0000000,0x00000000a0fbf1e0,0x00000000a5500000)
 Metaspace       used 50657K, capacity 52164K, committed 52440K, reserved 1093632K
  class space    used 6955K, capacity 7361K, committed 7424K, reserved 1048576K
Event: 18.319 GC heap after
Heap after GC invocations=9 (full 2):
 PSYoungGen      total 232960K, used 14311K [0x00000000e0000000, 0x00000000f6780000, 0x0000000100000000)
  eden space 218624K, 0% used [0x00000000e0000000,0x00000000e0000000,0x00000000ed580000)
  from space 14336K, 99% used [0x00000000ed580000,0x00000000ee379e60,0x00000000ee380000)
  to   space 19968K, 0% used [0x00000000f5400000,0x00000000f5400000,0x00000000f6780000)
 ParOldGen       total 87040K, used 23427K [0x00000000a0000000, 0x00000000a5500000, 0x00000000e0000000)
  object space 87040K, 26% used [0x00000000a0000000,0x00000000a16e0de8,0x00000000a5500000)
 Metaspace       used 50657K, capacity 52164K, committed 52440K, reserved 1093632K
  class space    used 6955K, capacity 7361K, committed 7424K, reserved 1048576K
}

Deoptimization events (10 events):
Event: 16.387 Thread 0x0000000059381000 Uncommon trap: reason=unstable_if action=reinterpret pc=0x00000000030884b8 method=org.objectweb.asm.ByteVector.putUTF8(Ljava/lang/String;)Lorg/objectweb/asm/ByteVector; @ 91
Event: 16.543 Thread 0x0000000059381000 Uncommon trap: reason=unstable_if action=reinterpret pc=0x0000000002fd34f4 method=java.lang.String.lastIndexOf([CII[CIII)I @ 118
Event: 16.573 Thread 0x0000000059381000 Uncommon trap: reason=unstable_if action=reinterpret pc=0x0000000002f6c5a0 method=org.objectweb.asm.ByteVector.putUTF8(Ljava/lang/String;)Lorg/objectweb/asm/ByteVector; @ 91
Event: 17.148 Thread 0x0000000059381000 Uncommon trap: reason=unstable_if action=reinterpret pc=0x00000000035c9058 method=java.util.regex.Pattern$GroupTail.match(Ljava/util/regex/Matcher;ILjava/lang/CharSequence;)Z @ 73
Event: 17.148 Thread 0x0000000059381000 Uncommon trap: reason=unstable_if action=reinterpret pc=0x00000000035c2d48 method=com.sun.org.apache.xerces.internal.impl.XMLEntityScanner.scanContent(Lcom/sun/org/apache/xerces/internal/xni/XMLString;)I @ 163
Event: 17.981 Thread 0x0000000059381000 Uncommon trap: reason=unstable_if action=reinterpret pc=0x00000000030433e8 method=org.objectweb.asm.Type.getArgumentsAndReturnSizes(Ljava/lang/String;)I @ 47
Event: 17.981 Thread 0x0000000059381000 Uncommon trap: reason=unstable_if action=reinterpret pc=0x00000000033f6004 method=org.objectweb.asm.Type.getArgumentsAndReturnSizes(Ljava/lang/String;)I @ 47
Event: 18.384 Thread 0x0000000059381000 Uncommon trap: reason=unstable_if action=reinterpret pc=0x000000000375f068 method=java.util.TreeMap.put(Ljava/lang/Object;Ljava/lang/Object;)Ljava/lang/Object; @ 163
Event: 18.720 Thread 0x0000000059381000 Uncommon trap: reason=predicate action=maybe_recompile pc=0x00000000037ae4a8 method=java.util.TreeMap.getEntry(Ljava/lang/Object;)Ljava/util/TreeMap$Entry; @ 39
Event: 18.721 Thread 0x0000000059381000 Uncommon trap: reason=predicate action=maybe_recompile pc=0x00000000037499ac method=java.util.TreeMap.getEntry(Ljava/lang/Object;)Ljava/util/TreeMap$Entry; @ 39

Classes redefined (0 events):
No events

Internal exceptions (10 events):
Event: 15.794 Thread 0x0000000059381000 Exception <a 'java/lang/ClassNotFoundException': org/gradle/api/plugins/BasePluginConventionCustomizer> (0x00000000eb046d98) thrown at [D:\src\AOSP-openjdk-cygwin\jdk8u\hotspot\src\share\vm\classfile\systemDictionary.cpp, line 210]
Event: 18.032 Thread 0x0000000059381000 Exception <a 'java/lang/NoSuchMethodError': java.lang.Object.lambda$static$0(Ljava/util/Set;Ljava/util/Set;)Z> (0x00000000ecf32a60) thrown at [D:\src\AOSP-openjdk-cygwin\jdk8u\hotspot\src\share\vm\interpreter\linkResolver.cpp, line 584]
Event: 18.037 Thread 0x0000000059381000 Exception <a 'java/lang/NoSuchMethodError': java.lang.Object.lambda$static$1(Ljava/util/Set;Ljava/util/Set;)Z> (0x00000000ecf35600) thrown at [D:\src\AOSP-openjdk-cygwin\jdk8u\hotspot\src\share\vm\interpreter\linkResolver.cpp, line 584]
Event: 18.037 Thread 0x0000000059381000 Exception <a 'java/lang/NoSuchMethodError': java.lang.Object.lambda$static$2(Ljava/util/Set;Ljava/util/Set;)Z> (0x00000000ecf37d70) thrown at [D:\src\AOSP-openjdk-cygwin\jdk8u\hotspot\src\share\vm\interpreter\linkResolver.cpp, line 584]
Event: 18.687 Thread 0x0000000059381000 Exception <a 'java/lang/ClassNotFoundException': com/android/build/gradle/internal/api/ApkVariantOutputImpl_DecoratedBeanInfo> (0x00000000e0c4d858) thrown at [D:\src\AOSP-openjdk-cygwin\jdk8u\hotspot\src\share\vm\classfile\systemDictionary.cpp, line 210]
Event: 18.688 Thread 0x0000000059381000 Exception <a 'java/lang/ClassNotFoundException': com/android/build/gradle/internal/api/ApkVariantOutputImplBeanInfo> (0x00000000e0c64bd8) thrown at [D:\src\AOSP-openjdk-cygwin\jdk8u\hotspot\src\share\vm\classfile\systemDictionary.cpp, line 210]
Event: 18.688 Thread 0x0000000059381000 Exception <a 'java/lang/ClassNotFoundException': com/android/build/gradle/internal/api/BaseVariantOutputImplBeanInfo> (0x00000000e0c7cce8) thrown at [D:\src\AOSP-openjdk-cygwin\jdk8u\hotspot\src\share\vm\classfile\systemDictionary.cpp, line 210]
Event: 18.689 Thread 0x0000000059381000 Exception <a 'java/lang/ClassNotFoundException': com/android/build/gradle/internal/api/BaseVariantOutputImplCustomizer> (0x00000000e0c952b0) thrown at [D:\src\AOSP-openjdk-cygwin\jdk8u\hotspot\src\share\vm\classfile\systemDictionary.cpp, line 210]
Event: 18.690 Thread 0x0000000059381000 Exception <a 'java/lang/ClassNotFoundException': com/android/build/gradle/internal/api/ApkVariantOutputImplCustomizer> (0x00000000e0cc9bd0) thrown at [D:\src\AOSP-openjdk-cygwin\jdk8u\hotspot\src\share\vm\classfile\systemDictionary.cpp, line 210]
Event: 18.691 Thread 0x0000000059381000 Exception <a 'java/lang/ClassNotFoundException': com/android/build/gradle/internal/api/ApkVariantOutputImpl_DecoratedCustomizer> (0x00000000e0cf4ec8) thrown at [D:\src\AOSP-openjdk-cygwin\jdk8u\hotspot\src\share\vm\classfile\systemDictionary.cpp, line 210

Events (10 events):
Event: 18.721 loading class org/gradle/model/internal/registry/DefaultModelRegistry$TryResolvePath done
Event: 18.721 Thread 0x0000000059381000 Uncommon trap: trap_request=0xffffff86 fr.pc=0x00000000037499ac
Event: 18.721 Thread 0x0000000059381000 DEOPT PACKING pc=0x00000000037499ac sp=0x000000005bd0c2b0
Event: 18.721 Thread 0x0000000059381000 DEOPT UNPACKING pc=0x000000000282557b sp=0x000000005bd0c258 mode 2
Event: 18.721 loading class org/gradle/model/internal/registry/DefaultModelRegistry$TryDiscoverSelfDiscoveringInScope
Event: 18.721 loading class org/gradle/model/internal/registry/DefaultModelRegistry$TryDiscoverSelfDiscoveringInScope done
Event: 18.722 loading class org/gradle/model/internal/core/ChildNodeInitializerStrategyAccessors$1
Event: 18.722 loading class org/gradle/model/internal/core/ChildNodeInitializerStrategyAccessors$1 done
Event: 18.722 loading class org/gradle/model/internal/core/SpecializedModelMapProjection
Event: 18.722 loading class org/gradle/model/internal/core/SpecializedModelMapProjection done


Dynamic libraries:
0x000000013fd50000 - 0x000000013fd81000 	C:\Program Files\Android\Android Studio\jre\bin\java.exe
0x0000000077450000 - 0x00000000775ef000 	C:\Windows\SYSTEM32\ntdll.dll
0x0000000077230000 - 0x000000007734f000 	C:\Windows\system32\kernel32.dll
0x000007fefd420000 - 0x000007fefd48a000 	C:\Windows\system32\KERNELBASE.dll
0x000007fefe380000 - 0x000007fefe45b000 	C:\Windows\system32\ADVAPI32.dll
0x000007fefd780000 - 0x000007fefd81f000 	C:\Windows\system32\msvcrt.dll
0x000007fefdc70000 - 0x000007fefdc8f000 	C:\Windows\SYSTEM32\sechost.dll
0x000007fefe460000 - 0x000007fefe58d000 	C:\Windows\system32\RPCRT4.dll
0x0000000077350000 - 0x000000007744a000 	C:\Windows\system32\USER32.dll
0x000007feff650000 - 0x000007feff6b7000 	C:\Windows\system32\GDI32.dll
0x000007fefde30000 - 0x000007fefde3e000 	C:\Windows\system32\LPK.dll
0x000007fefdd10000 - 0x000007fefdddb000 	C:\Windows\system32\USP10.dll
0x000007fefbb40000 - 0x000007fefbd34000 	C:\Windows\WinSxS\amd64_microsoft.windows.common-controls_6595b64144ccf1df_6.0.7601.18837_none_fa3b1e3d17594757\COMCTL32.dll
0x000007fefdc90000 - 0x000007fefdd01000 	C:\Windows\system32\SHLWAPI.dll
0x000007fefde40000 - 0x000007fefde6e000 	C:\Windows\system32\IMM32.DLL
0x000007fefd880000 - 0x000007fefd989000 	C:\Windows\system32\MSCTF.dll
0x0000000074a80000 - 0x0000000074b52000 	C:\Program Files\Android\Android Studio\jre\jre\bin\msvcr100.dll
0x0000000065550000 - 0x0000000065d8f000 	C:\Program Files\Android\Android Studio\jre\jre\bin\server\jvm.dll
0x000007fef7590000 - 0x000007fef7599000 	C:\Windows\system32\WSOCK32.dll
0x000007fefdde0000 - 0x000007fefde2d000 	C:\Windows\system32\WS2_32.dll
0x000007fefdc60000 - 0x000007fefdc68000 	C:\Windows\system32\NSI.dll
0x000007fefab80000 - 0x000007fefabbb000 	C:\Windows\system32\WINMM.dll
0x000007fefc200000 - 0x000007fefc20c000 	C:\Windows\system32\VERSION.dll
0x0000000077600000 - 0x0000000077607000 	C:\Windows\system32\PSAPI.DLL
0x000007fee81b0000 - 0x000007fee81bf000 	C:\Program Files\Android\Android Studio\jre\jre\bin\verify.dll
0x000007fee8180000 - 0x000007fee81a9000 	C:\Program Files\Android\Android Studio\jre\jre\bin\java.dll
0x000007fee8160000 - 0x000007fee8176000 	C:\Program Files\Android\Android Studio\jre\jre\bin\zip.dll
0x000007fefe630000 - 0x000007feff3bb000 	C:\Windows\system32\SHELL32.dll
0x000007fefd4e0000 - 0x000007fefd6dd000 	C:\Windows\system32\ole32.dll
0x000007fefd130000 - 0x000007fefd13f000 	C:\Windows\system32\profapi.dll
0x000007fee8140000 - 0x000007fee815a000 	C:\Program Files\Android\Android Studio\jre\jre\bin\net.dll
0x000007fefc8b0000 - 0x000007fefc905000 	C:\Windows\system32\mswsock.dll
0x000007fefc8a0000 - 0x000007fefc8a7000 	C:\Windows\System32\wship6.dll
0x000007fee8120000 - 0x000007fee8131000 	C:\Program Files\Android\Android Studio\jre\jre\bin\nio.dll
0x000007fefa3c0000 - 0x000007fefa3de000 	C:\Users\Development\.gradle\native\25\windows-amd64\native-platform.dll
0x000007fefa6d0000 - 0x000007fefa6dd000 	C:\Program Files\Android\Android Studio\jre\jre\bin\management.dll
0x000007fefc910000 - 0x000007fefc928000 	C:\Windows\system32\CRYPTSP.dll
0x000007fefc610000 - 0x000007fefc657000 	C:\Windows\system32\rsaenh.dll
0x000007fefd4b0000 - 0x000007fefd4ce000 	C:\Windows\system32\USERENV.dll
0x000007fefcf80000 - 0x000007fefcf8f000 	C:\Windows\system32\CRYPTBASE.dll
0x000007fefad80000 - 0x000007fefada7000 	C:\Windows\system32\IPHLPAPI.DLL
0x000007fefad70000 - 0x000007fefad7b000 	C:\Windows\system32\WINNSI.DLL
0x000007fefa840000 - 0x000007fefa851000 	C:\Windows\system32\dhcpcsvc6.DLL
0x000007fefa820000 - 0x000007fefa838000 	C:\Windows\system32\dhcpcsvc.DLL
0x000007fef8c70000 - 0x000007fef8d95000 	C:\Windows\system32\dbghelp.dll

VM Arguments:
jvm_args: -Xmx1536m -Dfile.encoding=windows-1252 -Duser.country=US -Duser.language=en -Duser.variant 
java_command: org.gradle.launcher.daemon.bootstrap.GradleDaemon 4.4
java_class_path (initial): C:\Users\Development\.gradle\wrapper\dists\gradle-4.4-all\9br9xq1tocpiv8o6njlyu5op1\gradle-4.4\lib\gradle-launcher-4.4.jar
Launcher Type: SUN_STANDARD

Environment Variables:
PATH=C:\ProgramData\Oracle\Java\javapath;C:\Program Files\Java\jdk1.8.0_162\bin;C:\Program Files\Java\jdk-9.0.1;C:\Program Files\Java\jdk-9.0.1\bin;C:\Program Files\PostgreSQL\10\bin;C:\Windows\system32;C:\Windows;C:\Windows\System32\Wbem;C:\Windows\System32\WindowsPowerShell\v1.0\;C:\Program Files (x86)\EasyFrom Inc\;C:\PostgreSQL\pg96\bin;C:\Program Files\Git\cmd;C:\Program Files\nodejs\;C:\Android\tools;C:\Android\platform-tools;C:\Users\Development\AppData\Local\Programs\Python\Python36-32\Scripts\;C:\Users\Development\AppData\Local\Programs\Python\Python36-32\;C:\Program Files\Heroku\bin;C:\Users\Development\AppData\Roaming\npm
USERNAME=Development
OS=Windows_NT
PROCESSOR_IDENTIFIER=Intel64 Family 6 Model 42 Stepping 7, GenuineIntel



---------------  S Y S T E M  ---------------

OS: Windows 7 , 64 bit Build 7601 (6.1.7601.24009)

CPU:total 4 (initial active 4) (2 cores per cpu, 2 threads per core) family 6 model 42 stepping 7, cmov, cx8, fxsr, mmx, sse, sse2, sse3, ssse3, sse4.1, sse4.2, popcnt, avx, clmul, ht, tsc, tscinvbit

Memory: 4k page, physical 8299152k(4552760k free), swap 16596428k(11526884k free)

vm_info: OpenJDK 64-Bit Server VM (25.152-b02) for windows-amd64 JRE (1.8.0_152-release-1024-b02), built by "builder" with MS VC++ 10.0 (VS2010)

time: Sat Jun 30 09:32:16 2018
elapsed time: 18 seconds (0d 0h 0m 18s)

